Build started 10/16/2015 20:06:24 .
     1>Project "C:\Users\Charlotte\Desktop\CloverEngine\Clover Engine\Clover Engine\Clover Engine.vcxproj" on node 2 (Build target(s)).
     1>ClCompile:
         C:\Program Files (x86)\Microsoft Visual Studio 14.0\VC\bin\CL.exe /c /I"C:\Users\Charlotte\Desktop\CloverEngine\Clover Engine\Clover Engine\\" /ZI /nologo /W3 /WX- /Od /Oy- /D WIN32 /D _DEBUG /D _CONSOLE /D _UNICODE /D UNICODE /Gm /EHsc /RTC1 /MDd /GS /fp:precise /Zc:wchar_t /Zc:forScope /Zc:inline /Fo"Debug\\" /Fd"Debug\vc140.pdb" /Gd /TP /analyze- /errorReport:prompt Examples\DemoGame.cpp Examples\DemoShader.cpp Examples\Main.cpp Source\Component\Handler\DrawHandler.cpp Source\Component\Handler\KeyHandler.cpp Source\Component\Handler\MouseHandler.cpp Source\Component\Handler\UpdateHandler.cpp Source\Component\Handler\WindowHandler.cpp Source\Core\CloverEngine.cpp Source\Core\GameObject.cpp Source\IO\VirtualWindow.cpp
         VirtualWindow.cpp
         GameObject.cpp
         CloverEngine.cpp
         Generating Code...
         Skipping... (no relevant changes detected)
         WindowHandler.cpp
         UpdateHandler.cpp
         MouseHandler.cpp
         KeyHandler.cpp
         DrawHandler.cpp
         Main.cpp
         DemoShader.cpp
         DemoGame.cpp
       Link:
         C:\Program Files (x86)\Microsoft Visual Studio 14.0\VC\bin\link.exe /ERRORREPORT:PROMPT /OUT:"C:\Users\Charlotte\Desktop\CloverEngine\Clover Engine\Debug\Clover Engine.exe" /INCREMENTAL /NOLOGO /LIBPATH:"C:\Users\Charlotte\Desktop\CloverEngine\Clover Engine\Clover Engine\\PDCurses\Libraries" pdcurses.lib kernel32.lib user32.lib gdi32.lib winspool.lib comdlg32.lib advapi32.lib shell32.lib ole32.lib oleaut32.lib uuid.lib odbc32.lib odbccp32.lib /MANIFEST /MANIFESTUAC:"level='asInvoker' uiAccess='false'" /manifest:embed /Debug /PDB:"C:\Users\Charlotte\Desktop\CloverEngine\Clover Engine\Debug\Clover Engine.pdb" /SUBSYSTEM:CONSOLE /TLBID:1 /DYNAMICBASE /NXCOMPAT /IMPLIB:"C:\Users\Charlotte\Desktop\CloverEngine\Clover Engine\Debug\Clover Engine.lib" /MACHINE:X86 Debug\DemoGame.obj
         Debug\DemoShader.obj
         Debug\Main.obj
         Debug\DrawHandler.obj
         Debug\KeyHandler.obj
         Debug\MouseHandler.obj
         Debug\UpdateHandler.obj
         Debug\WindowHandler.obj
         Debug\CloverEngine.obj
         Debug\GameObject.obj
         Debug\VirtualWindow.obj
         PDCurses\Libraries\pdcurses.lib
         Clover Engine.vcxproj -> C:\Users\Charlotte\Desktop\CloverEngine\Clover Engine\Debug\Clover Engine.exe
     1>Done Building Project "C:\Users\Charlotte\Desktop\CloverEngine\Clover Engine\Clover Engine\Clover Engine.vcxproj" (Build target(s)).

Build succeeded.

Time Elapsed 00:00:07.88
