c:\users\charlotte\desktop\cloverengine\clover engine\clover engine\debug\vc140.pdb
c:\users\charlotte\desktop\cloverengine\clover engine\clover engine\debug\vc140.idb
c:\users\charlotte\desktop\cloverengine\clover engine\clover engine\debug\demogame.obj
c:\users\charlotte\desktop\cloverengine\clover engine\clover engine\debug\demoshader.obj
c:\users\charlotte\desktop\cloverengine\clover engine\clover engine\debug\main.obj
c:\users\charlotte\desktop\cloverengine\clover engine\clover engine\debug\cloverengine.obj
c:\users\charlotte\desktop\cloverengine\clover engine\clover engine\debug\cdrawhandler.obj
c:\users\charlotte\desktop\cloverengine\clover engine\clover engine\debug\ckeyhandler.obj
c:\users\charlotte\desktop\cloverengine\clover engine\clover engine\debug\cmousehandler.obj
c:\users\charlotte\desktop\cloverengine\clover engine\clover engine\debug\cupdatehandler.obj
c:\users\charlotte\desktop\cloverengine\clover engine\clover engine\debug\windowhandler.obj
c:\users\charlotte\desktop\cloverengine\clover engine\clover engine\debug\virtualwindow.obj
c:\users\charlotte\desktop\cloverengine\clover engine\clover engine\debug\drawhandler.obj
c:\users\charlotte\desktop\cloverengine\clover engine\clover engine\debug\keyhandler.obj
c:\users\charlotte\desktop\cloverengine\clover engine\clover engine\debug\mousehandler.obj
c:\users\charlotte\desktop\cloverengine\clover engine\clover engine\debug\updatehandler.obj
c:\users\charlotte\desktop\cloverengine\clover engine\clover engine\debug\gameobject.obj
c:\users\charlotte\desktop\cloverengine\clover engine\debug\clover engine.ilk
c:\users\charlotte\desktop\cloverengine\clover engine\debug\clover engine.exe
c:\users\charlotte\desktop\cloverengine\clover engine\debug\clover engine.pdb
c:\users\charlotte\desktop\cloverengine\clover engine\clover engine\debug\clover engine.tlog\cl.command.1.tlog
c:\users\charlotte\desktop\cloverengine\clover engine\clover engine\debug\clover engine.tlog\cl.read.1.tlog
c:\users\charlotte\desktop\cloverengine\clover engine\clover engine\debug\clover engine.tlog\cl.write.1.tlog
c:\users\charlotte\desktop\cloverengine\clover engine\clover engine\debug\clover engine.tlog\link.command.1.tlog
c:\users\charlotte\desktop\cloverengine\clover engine\clover engine\debug\clover engine.tlog\link.read.1.tlog
c:\users\charlotte\desktop\cloverengine\clover engine\clover engine\debug\clover engine.tlog\link.write.1.tlog
